{
  "RSpec": {
    "coverage": {
      "/Users/niklas/Documents/Web development/Epicodus stuff/parks/spec/requests/parks_spec.rb": [
        1,
        null,
        1,
        1,
        1,
        null,
        1,
        null,
        1,
        null,
        null,
        1,
        null,
        null,
        1,
        null,
        null
      ],
      "/Users/niklas/Documents/Web development/Epicodus stuff/parks/spec/rails_helper.rb": [
        null,
        1,
        1,
        1,
        null,
        1,
        1,
        null,
        null,
        1,
        null,
        null,
        null,
        null,
        null,
        null,
        null,
        null,
        null,
        null,
        null,
        null,
        null,
        null,
        3,
        null,
        null,
        null,
        1,
        null,
        1,
        null,
        1,
        null,
        null,
        null,
        null,
        1,
        null,
        null,
        null,
        null,
        null,
        null,
        null,
        null,
        null,
        null,
        null,
        null,
        null,
        null,
        1,
        null,
        null,
        1,
        null,
        null,
        null
      ],
      "/Users/niklas/Documents/Web development/Epicodus stuff/parks/config/environment.rb": [
        null,
        1,
        null,
        null,
        1
      ],
      "/Users/niklas/Documents/Web development/Epicodus stuff/parks/config/application.rb": [
        1,
        null,
        1,
        null,
        1,
        1,
        1,
        1,
        1,
        1,
        1,
        null,
        null,
        null,
        null,
        null,
        1,
        null,
        1,
        1,
        null,
        1,
        null,
        null,
        null,
        null,
        null,
        null,
        null,
        null,
        1,
        null,
        null
      ],
      "/Users/niklas/Documents/Web development/Epicodus stuff/parks/config/boot.rb": [
        1,
        null,
        1
      ],
      "/Users/niklas/Documents/Web development/Epicodus stuff/parks/config/environments/test.rb": [
        1,
        null,
        null,
        null,
        null,
        null,
        null,
        1,
        null,
        null,
        null,
        null,
        1,
        null,
        null,
        1,
        1,
        null,
        null,
        null,
        null,
        1,
        1,
        null,
        null,
        1,
        null,
        null,
        1,
        1,
        null,
        null,
        null,
        null,
        1,
        null,
        null,
        1,
        null,
        null,
        null,
        null
      ],
      "/Users/niklas/Documents/Web development/Epicodus stuff/parks/config/initializers/application_controller_renderer.rb": [
        null,
        null,
        null,
        null,
        null,
        null
      ],
      "/Users/niklas/Documents/Web development/Epicodus stuff/parks/config/initializers/backtrace_silencers.rb": [
        null,
        null,
        null,
        null,
        null,
        null,
        null
      ],
      "/Users/niklas/Documents/Web development/Epicodus stuff/parks/config/initializers/cors.rb": [
        null,
        null,
        null,
        null,
        null,
        null,
        null,
        null,
        null,
        null,
        null,
        null,
        null,
        null,
        null,
        null
      ],
      "/Users/niklas/Documents/Web development/Epicodus stuff/parks/config/initializers/filter_parameter_logging.rb": [
        null,
        null,
        null,
        1
      ],
      "/Users/niklas/Documents/Web development/Epicodus stuff/parks/config/initializers/inflections.rb": [
        null,
        null,
        null,
        null,
        null,
        null,
        null,
        null,
        null,
        null,
        null,
        null,
        null,
        null,
        null,
        null
      ],
      "/Users/niklas/Documents/Web development/Epicodus stuff/parks/config/initializers/mime_types.rb": [
        null,
        null,
        null,
        null
      ],
      "/Users/niklas/Documents/Web development/Epicodus stuff/parks/config/initializers/wrap_parameters.rb": [
        null,
        null,
        null,
        null,
        null,
        null,
        1,
        2,
        null,
        null,
        null,
        null,
        null,
        null
      ],
      "/Users/niklas/Documents/Web development/Epicodus stuff/parks/config/routes.rb": [
        1,
        1,
        null
      ],
      "/Users/niklas/Documents/Web development/Epicodus stuff/parks/app/resources/park_resource.rb": [
        1,
        1,
        null
      ],
      "/Users/niklas/Documents/Web development/Epicodus stuff/parks/spec/support/factory_girl.rb": [
        1,
        1,
        null
      ],
      "/Users/niklas/Documents/Web development/Epicodus stuff/parks/spec/support/factories.rb": [
        1,
        11,
        null,
        1,
        1,
        null,
        null
      ],
      "/Users/niklas/Documents/Web development/Epicodus stuff/parks/app/models/park.rb": [
        1,
        1,
        null
      ],
      "/Users/niklas/Documents/Web development/Epicodus stuff/parks/app/models/application_record.rb": [
        1,
        1,
        null
      ],
      "/Users/niklas/Documents/Web development/Epicodus stuff/parks/app/controllers/parks_controller.rb": [
        1,
        null
      ],
      "/Users/niklas/Documents/Web development/Epicodus stuff/parks/app/controllers/application_controller.rb": [
        1,
        1,
        null
      ]
    },
    "timestamp": 1500657381
  }
}
